2022-11-25 13:49:58,642 INFO 82 channels found for processing.
2022-11-25 13:49:58,646 INFO Stream # 1: P-1
2022-11-25 13:49:58,895 INFO normalized prediction error: 0.09
2022-11-25 13:49:59,512 INFO Channel Stats: TP: 2  FP: 0  FN: 1
2022-11-25 13:49:59,513 INFO Total true positives: 2
2022-11-25 13:49:59,513 INFO Total false positives: 0
2022-11-25 13:49:59,514 INFO Total false negatives: 1

2022-11-25 13:49:59,523 INFO Stream # 2: S-1
2022-11-25 13:49:59,826 INFO normalized prediction error: 0.18
2022-11-25 13:50:00,599 INFO Channel Stats: TP: 1  FP: 0  FN: 0
2022-11-25 13:50:00,599 INFO Total true positives: 3
2022-11-25 13:50:00,600 INFO Total false positives: 0
2022-11-25 13:50:00,601 INFO Total false negatives: 1

2022-11-25 13:50:00,615 INFO Stream # 3: E-1
2022-11-25 13:50:00,994 INFO normalized prediction error: 0.08
2022-11-25 13:50:02,200 INFO Channel Stats: TP: 2  FP: 1  FN: 0
2022-11-25 13:50:02,201 INFO Total true positives: 5
2022-11-25 13:50:02,201 INFO Total false positives: 1
2022-11-25 13:50:02,202 INFO Total false negatives: 1

2022-11-25 13:50:02,211 INFO Stream # 4: E-2
2022-11-25 13:50:02,505 INFO normalized prediction error: 0.08
2022-11-25 13:50:03,199 INFO Channel Stats: TP: 1  FP: 1  FN: 0
2022-11-25 13:50:03,200 INFO Total true positives: 6
2022-11-25 13:50:03,200 INFO Total false positives: 2
2022-11-25 13:50:03,201 INFO Total false negatives: 1

2022-11-25 13:50:03,208 INFO Stream # 5: E-3
2022-11-25 13:50:03,500 INFO normalized prediction error: 0.02
2022-11-25 13:50:04,206 INFO Channel Stats: TP: 1  FP: 0  FN: 0
2022-11-25 13:50:04,207 INFO Total true positives: 7
2022-11-25 13:50:04,208 INFO Total false positives: 2
2022-11-25 13:50:04,208 INFO Total false negatives: 1

2022-11-25 13:50:04,217 INFO Stream # 6: E-4
2022-11-25 13:50:04,520 INFO normalized prediction error: 0.05
2022-11-25 13:50:05,159 INFO Channel Stats: TP: 1  FP: 0  FN: 0
2022-11-25 13:50:05,160 INFO Total true positives: 8
2022-11-25 13:50:05,160 INFO Total false positives: 2
2022-11-25 13:50:05,161 INFO Total false negatives: 1

2022-11-25 13:50:05,174 INFO Stream # 7: E-5
2022-11-25 13:50:05,451 INFO normalized prediction error: 0.09
2022-11-25 13:50:05,949 INFO Channel Stats: TP: 1  FP: 0  FN: 0
2022-11-25 13:50:05,950 INFO Total true positives: 9
2022-11-25 13:50:05,951 INFO Total false positives: 2
2022-11-25 13:50:05,951 INFO Total false negatives: 1

2022-11-25 13:50:05,962 INFO Stream # 8: E-6
2022-11-25 13:50:06,216 INFO normalized prediction error: 0.02
2022-11-25 13:50:07,069 INFO Channel Stats: TP: 1  FP: 0  FN: 0
2022-11-25 13:50:07,069 INFO Total true positives: 10
2022-11-25 13:50:07,070 INFO Total false positives: 2
2022-11-25 13:50:07,071 INFO Total false negatives: 1

2022-11-25 13:50:07,079 INFO Stream # 9: E-7
2022-11-25 13:50:07,323 INFO normalized prediction error: 0.02
2022-11-25 13:50:07,962 INFO Channel Stats: TP: 1  FP: 0  FN: 0
2022-11-25 13:50:07,964 INFO Total true positives: 11
2022-11-25 13:50:07,964 INFO Total false positives: 2
2022-11-25 13:50:07,965 INFO Total false negatives: 1

2022-11-25 13:50:07,970 INFO Stream # 10: E-8
2022-11-25 13:50:08,224 INFO normalized prediction error: 0.06
2022-11-25 13:50:08,867 INFO Channel Stats: TP: 1  FP: 0  FN: 0
2022-11-25 13:50:08,868 INFO Total true positives: 12
2022-11-25 13:50:08,868 INFO Total false positives: 2
2022-11-25 13:50:08,868 INFO Total false negatives: 1

2022-11-25 13:50:08,873 INFO Stream # 11: E-9
2022-11-25 13:50:09,171 INFO normalized prediction error: 0.06
2022-11-25 13:50:09,536 INFO Channel Stats: TP: 1  FP: 0  FN: 0
2022-11-25 13:50:09,536 INFO Total true positives: 13
2022-11-25 13:50:09,537 INFO Total false positives: 2
2022-11-25 13:50:09,537 INFO Total false negatives: 1

2022-11-25 13:50:09,545 INFO Stream # 12: E-10
2022-11-25 13:50:09,792 INFO normalized prediction error: 0.09
2022-11-25 13:50:10,664 INFO Channel Stats: TP: 2  FP: 1  FN: 0
2022-11-25 13:50:10,666 INFO Total true positives: 15
2022-11-25 13:50:10,666 INFO Total false positives: 3
2022-11-25 13:50:10,667 INFO Total false negatives: 1

2022-11-25 13:50:10,675 INFO Stream # 13: E-11
2022-11-25 13:50:10,907 INFO normalized prediction error: 0.08
2022-11-25 13:50:11,594 INFO Channel Stats: TP: 2  FP: 1  FN: 0
2022-11-25 13:50:11,595 INFO Total true positives: 17
2022-11-25 13:50:11,596 INFO Total false positives: 4
2022-11-25 13:50:11,596 INFO Total false negatives: 1

2022-11-25 13:50:11,603 INFO Stream # 14: E-12
2022-11-25 13:50:11,839 INFO normalized prediction error: 0.07
2022-11-25 13:50:12,486 INFO Channel Stats: TP: 2  FP: 0  FN: 0
2022-11-25 13:50:12,487 INFO Total true positives: 19
2022-11-25 13:50:12,487 INFO Total false positives: 4
2022-11-25 13:50:12,488 INFO Total false negatives: 1

2022-11-25 13:50:12,498 INFO Stream # 15: E-13
2022-11-25 13:50:12,767 INFO normalized prediction error: 0.06
2022-11-25 13:50:13,390 INFO Channel Stats: TP: 1  FP: 0  FN: 2
2022-11-25 13:50:13,391 INFO Total true positives: 20
2022-11-25 13:50:13,391 INFO Total false positives: 4
2022-11-25 13:50:13,392 INFO Total false negatives: 3

2022-11-25 13:50:13,398 INFO Stream # 16: A-1
2022-11-25 13:50:13,720 INFO normalized prediction error: 0.00
2022-11-25 13:50:14,612 INFO Channel Stats: TP: 0  FP: 0  FN: 1
2022-11-25 13:50:14,613 INFO Total true positives: 20
2022-11-25 13:50:14,613 INFO Total false positives: 4
2022-11-25 13:50:14,614 INFO Total false negatives: 4

2022-11-25 13:50:14,622 INFO Stream # 17: D-1
2022-11-25 13:50:14,979 INFO normalized prediction error: 0.06
2022-11-25 13:50:15,772 INFO Channel Stats: TP: 1  FP: 0  FN: 0
2022-11-25 13:50:15,773 INFO Total true positives: 21
2022-11-25 13:50:15,773 INFO Total false positives: 4
2022-11-25 13:50:15,774 INFO Total false negatives: 4

2022-11-25 13:50:15,784 INFO Stream # 18: P-2
2022-11-25 13:50:16,090 INFO normalized prediction error: 0.06
2022-11-25 13:50:16,755 INFO Channel Stats: TP: 1  FP: 0  FN: 0
2022-11-25 13:50:16,756 INFO Total true positives: 22
2022-11-25 13:50:16,756 INFO Total false positives: 4
2022-11-25 13:50:16,757 INFO Total false negatives: 4

2022-11-25 13:50:16,766 INFO Stream # 19: P-3
2022-11-25 13:50:17,068 INFO normalized prediction error: 0.04
2022-11-25 13:50:17,634 INFO Channel Stats: TP: 1  FP: 0  FN: 0
2022-11-25 13:50:17,635 INFO Total true positives: 23
2022-11-25 13:50:17,636 INFO Total false positives: 4
2022-11-25 13:50:17,637 INFO Total false negatives: 4

2022-11-25 13:50:17,650 INFO Stream # 20: D-2
2022-11-25 13:50:17,933 INFO normalized prediction error: 0.07
2022-11-25 13:50:18,590 INFO Channel Stats: TP: 1  FP: 0  FN: 0
2022-11-25 13:50:18,591 INFO Total true positives: 24
2022-11-25 13:50:18,592 INFO Total false positives: 4
2022-11-25 13:50:18,592 INFO Total false negatives: 4

2022-11-25 13:50:18,599 INFO Stream # 21: D-3
2022-11-25 13:50:18,876 INFO normalized prediction error: 0.06
2022-11-25 13:50:19,379 INFO Channel Stats: TP: 1  FP: 1  FN: 0
2022-11-25 13:50:19,380 INFO Total true positives: 25
2022-11-25 13:50:19,380 INFO Total false positives: 5
2022-11-25 13:50:19,381 INFO Total false negatives: 4

2022-11-25 13:50:19,396 INFO Stream # 22: D-4
2022-11-25 13:50:19,692 INFO normalized prediction error: 0.05
2022-11-25 13:50:20,236 INFO Channel Stats: TP: 1  FP: 0  FN: 0
2022-11-25 13:50:20,237 INFO Total true positives: 26
2022-11-25 13:50:20,238 INFO Total false positives: 5
2022-11-25 13:50:20,238 INFO Total false negatives: 4

2022-11-25 13:50:20,251 INFO Stream # 23: A-2
2022-11-25 13:50:20,643 INFO normalized prediction error: 0.08
2022-11-25 13:50:21,607 INFO Channel Stats: TP: 1  FP: 0  FN: 0
2022-11-25 13:50:21,608 INFO Total true positives: 27
2022-11-25 13:50:21,609 INFO Total false positives: 5
2022-11-25 13:50:21,609 INFO Total false negatives: 4

2022-11-25 13:50:21,619 INFO Stream # 24: A-3
2022-11-25 13:50:21,908 INFO normalized prediction error: 0.05
2022-11-25 13:50:22,702 INFO Channel Stats: TP: 1  FP: 2  FN: 0
2022-11-25 13:50:22,703 INFO Total true positives: 28
2022-11-25 13:50:22,703 INFO Total false positives: 7
2022-11-25 13:50:22,704 INFO Total false negatives: 4

2022-11-25 13:50:22,712 INFO Stream # 25: A-4
2022-11-25 13:50:23,107 INFO normalized prediction error: 0.06
2022-11-25 13:50:24,058 INFO Channel Stats: TP: 1  FP: 0  FN: 0
2022-11-25 13:50:24,059 INFO Total true positives: 29
2022-11-25 13:50:24,059 INFO Total false positives: 7
2022-11-25 13:50:24,060 INFO Total false negatives: 4

2022-11-25 13:50:24,069 INFO Stream # 26: G-1
2022-11-25 13:50:24,400 INFO normalized prediction error: 0.07
2022-11-25 13:50:25,015 INFO Channel Stats: TP: 0  FP: 1  FN: 1
2022-11-25 13:50:25,015 INFO Total true positives: 29
2022-11-25 13:50:25,016 INFO Total false positives: 8
2022-11-25 13:50:25,017 INFO Total false negatives: 5

2022-11-25 13:50:25,028 INFO Stream # 27: G-2
2022-11-25 13:50:25,282 INFO normalized prediction error: 0.00
2022-11-25 13:50:25,986 INFO Channel Stats: TP: 0  FP: 0  FN: 1
2022-11-25 13:50:25,987 INFO Total true positives: 29
2022-11-25 13:50:25,988 INFO Total false positives: 8
2022-11-25 13:50:25,988 INFO Total false negatives: 6

2022-11-25 13:50:26,003 INFO Stream # 28: D-5
2022-11-25 13:50:26,246 INFO normalized prediction error: 0.31
2022-11-25 13:50:26,687 INFO Channel Stats: TP: 0  FP: 0  FN: 1
2022-11-25 13:50:26,688 INFO Total true positives: 29
2022-11-25 13:50:26,688 INFO Total false positives: 8
2022-11-25 13:50:26,690 INFO Total false negatives: 7

2022-11-25 13:50:26,708 INFO Stream # 29: D-6
2022-11-25 13:50:26,990 INFO normalized prediction error: 0.04
2022-11-25 13:50:27,846 INFO Channel Stats: TP: 1  FP: 0  FN: 0
2022-11-25 13:50:27,847 INFO Total true positives: 30
2022-11-25 13:50:27,847 INFO Total false positives: 8
2022-11-25 13:50:27,848 INFO Total false negatives: 7

2022-11-25 13:50:27,891 INFO Stream # 30: D-7
2022-11-25 13:50:28,117 INFO normalized prediction error: 0.05
2022-11-25 13:50:28,502 INFO Channel Stats: TP: 1  FP: 0  FN: 0
2022-11-25 13:50:28,503 INFO Total true positives: 31
2022-11-25 13:50:28,504 INFO Total false positives: 8
2022-11-25 13:50:28,505 INFO Total false negatives: 7

2022-11-25 13:50:28,512 INFO Stream # 31: F-1
2022-11-25 13:50:28,757 INFO normalized prediction error: 0.11
2022-11-25 13:50:29,183 INFO Channel Stats: TP: 0  FP: 0  FN: 1
2022-11-25 13:50:29,185 INFO Total true positives: 31
2022-11-25 13:50:29,185 INFO Total false positives: 8
2022-11-25 13:50:29,185 INFO Total false negatives: 8

2022-11-25 13:50:29,195 INFO Stream # 32: P-4
2022-11-25 13:50:29,463 INFO normalized prediction error: 0.01
2022-11-25 13:50:30,249 INFO Channel Stats: TP: 3  FP: 0  FN: 0
2022-11-25 13:50:30,250 INFO Total true positives: 34
2022-11-25 13:50:30,250 INFO Total false positives: 8
2022-11-25 13:50:30,252 INFO Total false negatives: 8

2022-11-25 13:50:30,263 INFO Stream # 33: G-3
2022-11-25 13:50:30,497 INFO normalized prediction error: 0.00
2022-11-25 13:50:31,140 INFO Channel Stats: TP: 0  FP: 0  FN: 1
2022-11-25 13:50:31,141 INFO Total true positives: 34
2022-11-25 13:50:31,142 INFO Total false positives: 8
2022-11-25 13:50:31,142 INFO Total false negatives: 9

2022-11-25 13:50:31,150 INFO Stream # 34: T-1
2022-11-25 13:50:31,392 INFO normalized prediction error: 0.06
2022-11-25 13:50:31,937 INFO Channel Stats: TP: 1  FP: 1  FN: 1
2022-11-25 13:50:31,938 INFO Total true positives: 35
2022-11-25 13:50:31,939 INFO Total false positives: 9
2022-11-25 13:50:31,939 INFO Total false negatives: 10

2022-11-25 13:50:31,949 INFO Stream # 35: T-2
2022-11-25 13:50:32,208 INFO normalized prediction error: 0.04
2022-11-25 13:50:32,549 INFO Channel Stats: TP: 0  FP: 0  FN: 1
2022-11-25 13:50:32,550 INFO Total true positives: 35
2022-11-25 13:50:32,551 INFO Total false positives: 9
2022-11-25 13:50:32,552 INFO Total false negatives: 11

2022-11-25 13:50:32,559 INFO Stream # 36: D-8
2022-11-25 13:50:32,787 INFO normalized prediction error: 0.00
2022-11-25 13:50:33,498 INFO Channel Stats: TP: 0  FP: 0  FN: 1
2022-11-25 13:50:33,499 INFO Total true positives: 35
2022-11-25 13:50:33,499 INFO Total false positives: 9
2022-11-25 13:50:33,500 INFO Total false negatives: 12

2022-11-25 13:50:33,507 INFO Stream # 37: D-9
2022-11-25 13:50:33,724 INFO normalized prediction error: 0.04
2022-11-25 13:50:34,152 INFO Channel Stats: TP: 1  FP: 0  FN: 0
2022-11-25 13:50:34,153 INFO Total true positives: 36
2022-11-25 13:50:34,154 INFO Total false positives: 9
2022-11-25 13:50:34,155 INFO Total false negatives: 12

2022-11-25 13:50:34,164 INFO Stream # 38: F-2
2022-11-25 13:50:34,403 INFO normalized prediction error: 0.05
2022-11-25 13:50:34,977 INFO Channel Stats: TP: 1  FP: 0  FN: 0
2022-11-25 13:50:34,978 INFO Total true positives: 37
2022-11-25 13:50:34,978 INFO Total false positives: 9
2022-11-25 13:50:34,979 INFO Total false negatives: 12

2022-11-25 13:50:34,989 INFO Stream # 39: G-4
2022-11-25 13:50:35,268 INFO normalized prediction error: 0.01
2022-11-25 13:50:35,771 INFO Channel Stats: TP: 1  FP: 0  FN: 0
2022-11-25 13:50:35,771 INFO Total true positives: 38
2022-11-25 13:50:35,772 INFO Total false positives: 9
2022-11-25 13:50:35,772 INFO Total false negatives: 12

2022-11-25 13:50:35,782 INFO Stream # 40: T-3
2022-11-25 13:50:36,064 INFO normalized prediction error: 0.01
2022-11-25 13:50:36,783 INFO Channel Stats: TP: 2  FP: 0  FN: 0
2022-11-25 13:50:36,784 INFO Total true positives: 40
2022-11-25 13:50:36,785 INFO Total false positives: 9
2022-11-25 13:50:36,785 INFO Total false negatives: 12

2022-11-25 13:50:36,794 INFO Stream # 41: D-11
2022-11-25 13:50:37,064 INFO normalized prediction error: 0.04
2022-11-25 13:50:37,568 INFO Channel Stats: TP: 1  FP: 0  FN: 0
2022-11-25 13:50:37,569 INFO Total true positives: 41
2022-11-25 13:50:37,570 INFO Total false positives: 9
2022-11-25 13:50:37,570 INFO Total false negatives: 12

2022-11-25 13:50:37,580 INFO Stream # 42: D-12
2022-11-25 13:50:37,755 INFO normalized prediction error: 0.07
2022-11-25 13:50:38,230 INFO Channel Stats: TP: 1  FP: 0  FN: 0
2022-11-25 13:50:38,230 INFO Total true positives: 42
2022-11-25 13:50:38,231 INFO Total false positives: 9
2022-11-25 13:50:38,232 INFO Total false negatives: 12

2022-11-25 13:50:38,238 INFO Stream # 43: B-1
2022-11-25 13:50:38,450 INFO normalized prediction error: 0.34
2022-11-25 13:50:39,019 INFO Channel Stats: TP: 1  FP: 0  FN: 0
2022-11-25 13:50:39,020 INFO Total true positives: 43
2022-11-25 13:50:39,021 INFO Total false positives: 9
2022-11-25 13:50:39,022 INFO Total false negatives: 12

2022-11-25 13:50:39,032 INFO Stream # 44: G-6
2022-11-25 13:50:39,288 INFO normalized prediction error: 0.01
2022-11-25 13:50:39,812 INFO Channel Stats: TP: 1  FP: 0  FN: 0
2022-11-25 13:50:39,813 INFO Total true positives: 44
2022-11-25 13:50:39,813 INFO Total false positives: 9
2022-11-25 13:50:39,814 INFO Total false negatives: 12

2022-11-25 13:50:39,825 INFO Stream # 45: G-7
2022-11-25 13:50:40,056 INFO normalized prediction error: 0.03
2022-11-25 13:50:40,832 INFO Channel Stats: TP: 3  FP: 1  FN: 0
2022-11-25 13:50:40,833 INFO Total true positives: 47
2022-11-25 13:50:40,833 INFO Total false positives: 10
2022-11-25 13:50:40,834 INFO Total false negatives: 12

2022-11-25 13:50:40,844 INFO Stream # 46: P-7
2022-11-25 13:50:41,090 INFO normalized prediction error: 0.03
2022-11-25 13:50:41,503 INFO Channel Stats: TP: 1  FP: 1  FN: 0
2022-11-25 13:50:41,504 INFO Total true positives: 48
2022-11-25 13:50:41,505 INFO Total false positives: 11
2022-11-25 13:50:41,505 INFO Total false negatives: 12

2022-11-25 13:50:41,516 INFO Stream # 47: R-1
2022-11-25 13:50:41,744 INFO normalized prediction error: 0.01
2022-11-25 13:50:49,630 INFO Channel Stats: TP: 1  FP: 0  FN: 0
2022-11-25 13:50:49,631 INFO Total true positives: 49
2022-11-25 13:50:49,632 INFO Total false positives: 11
2022-11-25 13:50:49,633 INFO Total false negatives: 12

2022-11-25 13:50:49,646 INFO Stream # 48: A-5
2022-11-25 13:50:49,832 INFO normalized prediction error: 0.04
2022-11-25 13:50:50,068 INFO Channel Stats: TP: 1  FP: 0  FN: 0
2022-11-25 13:50:50,068 INFO Total true positives: 50
2022-11-25 13:50:50,069 INFO Total false positives: 11
2022-11-25 13:50:50,070 INFO Total false negatives: 12

2022-11-25 13:50:50,078 INFO Stream # 49: A-6
2022-11-25 13:50:50,198 INFO normalized prediction error: 0.03
2022-11-25 13:50:50,531 INFO Channel Stats: TP: 1  FP: 0  FN: 0
2022-11-25 13:50:50,532 INFO Total true positives: 51
2022-11-25 13:50:50,533 INFO Total false positives: 11
2022-11-25 13:50:50,533 INFO Total false negatives: 12

2022-11-25 13:50:50,544 INFO Stream # 50: A-7
2022-11-25 13:50:50,791 INFO normalized prediction error: 0.07
2022-11-25 13:50:51,339 INFO Channel Stats: TP: 1  FP: 1  FN: 0
2022-11-25 13:50:51,340 INFO Total true positives: 52
2022-11-25 13:50:51,340 INFO Total false positives: 12
2022-11-25 13:50:51,341 INFO Total false negatives: 12

2022-11-25 13:50:51,351 INFO Stream # 51: D-13
2022-11-25 13:50:51,568 INFO normalized prediction error: 0.02
2022-11-25 13:50:52,225 INFO Channel Stats: TP: 1  FP: 0  FN: 0
2022-11-25 13:50:52,226 INFO Total true positives: 53
2022-11-25 13:50:52,226 INFO Total false positives: 12
2022-11-25 13:50:52,227 INFO Total false negatives: 12

2022-11-25 13:50:52,238 INFO Stream # 52: P-2
2022-11-25 13:50:52,469 INFO normalized prediction error: 0.06
2022-11-25 13:50:52,865 INFO Channel Stats: TP: 1  FP: 0  FN: 0
2022-11-25 13:50:52,867 INFO Total true positives: 54
2022-11-25 13:50:52,867 INFO Total false positives: 12
2022-11-25 13:50:52,868 INFO Total false negatives: 12

2022-11-25 13:50:52,877 INFO Stream # 53: A-8
2022-11-25 13:50:53,074 INFO normalized prediction error: 0.12
2022-11-25 13:50:53,497 INFO Channel Stats: TP: 1  FP: 0  FN: 0
2022-11-25 13:50:53,497 INFO Total true positives: 55
2022-11-25 13:50:53,498 INFO Total false positives: 12
2022-11-25 13:50:53,498 INFO Total false negatives: 12

2022-11-25 13:50:53,509 INFO Stream # 54: A-9
2022-11-25 13:50:53,701 INFO normalized prediction error: 0.47
2022-11-25 13:50:54,090 INFO Channel Stats: TP: 1  FP: 0  FN: 0
2022-11-25 13:50:54,091 INFO Total true positives: 56
2022-11-25 13:50:54,092 INFO Total false positives: 12
2022-11-25 13:50:54,092 INFO Total false negatives: 12

2022-11-25 13:50:54,104 INFO Stream # 55: F-3
2022-11-25 13:50:54,342 INFO normalized prediction error: 0.01
2022-11-25 13:50:54,734 INFO Channel Stats: TP: 0  FP: 0  FN: 1
2022-11-25 13:50:54,735 INFO Total true positives: 56
2022-11-25 13:50:54,736 INFO Total false positives: 12
2022-11-25 13:50:54,736 INFO Total false negatives: 13

2022-11-25 13:50:54,746 INFO Stream # 56: M-6
2022-11-25 13:50:54,970 INFO normalized prediction error: 0.05
2022-11-25 13:50:54,985 INFO Channel Stats: TP: 1  FP: 0  FN: 0
2022-11-25 13:50:54,987 INFO Total true positives: 57
2022-11-25 13:50:54,987 INFO Total false positives: 12
2022-11-25 13:50:54,989 INFO Total false negatives: 13

2022-11-25 13:50:54,999 INFO Stream # 57: M-1
2022-11-25 13:50:55,226 INFO normalized prediction error: 0.06
2022-11-25 13:50:55,234 INFO Channel Stats: TP: 0  FP: 1  FN: 1
2022-11-25 13:50:55,235 INFO Total true positives: 57
2022-11-25 13:50:55,235 INFO Total false positives: 13
2022-11-25 13:50:55,236 INFO Total false negatives: 14

2022-11-25 13:50:55,248 INFO Stream # 58: M-2
2022-11-25 13:50:55,489 INFO normalized prediction error: 0.11
2022-11-25 13:50:55,494 INFO Channel Stats: TP: 0  FP: 0  FN: 1
2022-11-25 13:50:55,495 INFO Total true positives: 57
2022-11-25 13:50:55,496 INFO Total false positives: 13
2022-11-25 13:50:55,496 INFO Total false negatives: 15

2022-11-25 13:50:55,511 INFO Stream # 59: S-2
2022-11-25 13:50:55,670 INFO normalized prediction error: 0.01
2022-11-25 13:50:55,689 INFO Channel Stats: TP: 1  FP: 0  FN: 0
2022-11-25 13:50:55,690 INFO Total true positives: 58
2022-11-25 13:50:55,691 INFO Total false positives: 13
2022-11-25 13:50:55,692 INFO Total false negatives: 15

2022-11-25 13:50:55,702 INFO Stream # 60: P-10
2022-11-25 13:50:56,153 INFO normalized prediction error: 0.02
2022-11-25 13:50:56,615 INFO Channel Stats: TP: 1  FP: 0  FN: 0
2022-11-25 13:50:56,616 INFO Total true positives: 59
2022-11-25 13:50:56,616 INFO Total false positives: 13
2022-11-25 13:50:56,617 INFO Total false negatives: 15

2022-11-25 13:50:56,634 INFO Stream # 61: T-4
2022-11-25 13:50:56,959 INFO normalized prediction error: 0.11
2022-11-25 13:50:56,971 INFO Channel Stats: TP: 0  FP: 0  FN: 1
2022-11-25 13:50:56,973 INFO Total true positives: 59
2022-11-25 13:50:56,974 INFO Total false positives: 13
2022-11-25 13:50:56,975 INFO Total false negatives: 16

2022-11-25 13:50:56,989 INFO Stream # 62: T-5
2022-11-25 13:50:57,237 INFO normalized prediction error: 0.01
2022-11-25 13:50:57,263 INFO Channel Stats: TP: 1  FP: 0  FN: 0
2022-11-25 13:50:57,263 INFO Total true positives: 60
2022-11-25 13:50:57,264 INFO Total false positives: 13
2022-11-25 13:50:57,264 INFO Total false negatives: 16

2022-11-25 13:50:57,277 INFO Stream # 63: F-7
2022-11-25 13:50:57,590 INFO normalized prediction error: 0.17
2022-11-25 13:50:57,862 INFO Channel Stats: TP: 2  FP: 0  FN: 1
2022-11-25 13:50:57,862 INFO Total true positives: 62
2022-11-25 13:50:57,864 INFO Total false positives: 13
2022-11-25 13:50:57,864 INFO Total false negatives: 17

2022-11-25 13:50:57,879 INFO Stream # 64: M-3
2022-11-25 13:50:58,207 INFO normalized prediction error: 0.08
2022-11-25 13:50:58,217 INFO Channel Stats: TP: 1  FP: 0  FN: 0
2022-11-25 13:50:58,217 INFO Total true positives: 63
2022-11-25 13:50:58,218 INFO Total false positives: 13
2022-11-25 13:50:58,219 INFO Total false negatives: 17

2022-11-25 13:50:58,229 INFO Stream # 65: M-4
2022-11-25 13:50:58,533 INFO normalized prediction error: 0.12
2022-11-25 13:50:58,545 INFO Channel Stats: TP: 1  FP: 0  FN: 0
2022-11-25 13:50:58,547 INFO Total true positives: 64
2022-11-25 13:50:58,548 INFO Total false positives: 13
2022-11-25 13:50:58,549 INFO Total false negatives: 17

2022-11-25 13:50:58,563 INFO Stream # 66: M-5
2022-11-25 13:50:58,785 INFO normalized prediction error: 0.08
2022-11-25 13:50:58,791 INFO Channel Stats: TP: 0  FP: 0  FN: 1
2022-11-25 13:50:58,792 INFO Total true positives: 64
2022-11-25 13:50:58,793 INFO Total false positives: 13
2022-11-25 13:50:58,794 INFO Total false negatives: 18

2022-11-25 13:50:58,807 INFO Stream # 67: P-15
2022-11-25 13:50:59,154 INFO normalized prediction error: 0.09
2022-11-25 13:50:59,199 INFO Channel Stats: TP: 0  FP: 0  FN: 1
2022-11-25 13:50:59,201 INFO Total true positives: 64
2022-11-25 13:50:59,201 INFO Total false positives: 13
2022-11-25 13:50:59,202 INFO Total false negatives: 19

2022-11-25 13:50:59,213 INFO Stream # 68: C-1
2022-11-25 13:50:59,453 INFO normalized prediction error: 0.04
2022-11-25 13:50:59,469 INFO Channel Stats: TP: 1  FP: 0  FN: 1
2022-11-25 13:50:59,471 INFO Total true positives: 65
2022-11-25 13:50:59,472 INFO Total false positives: 13
2022-11-25 13:50:59,473 INFO Total false negatives: 20

2022-11-25 13:50:59,483 INFO Stream # 69: C-2
2022-11-25 13:50:59,634 INFO normalized prediction error: 0.13
2022-11-25 13:50:59,647 INFO Channel Stats: TP: 1  FP: 0  FN: 1
2022-11-25 13:50:59,649 INFO Total true positives: 66
2022-11-25 13:50:59,650 INFO Total false positives: 13
2022-11-25 13:50:59,651 INFO Total false negatives: 21

2022-11-25 13:50:59,666 INFO Stream # 70: T-12
2022-11-25 13:50:59,827 INFO normalized prediction error: 0.03
2022-11-25 13:50:59,846 INFO Channel Stats: TP: 1  FP: 0  FN: 0
2022-11-25 13:50:59,848 INFO Total true positives: 67
2022-11-25 13:50:59,848 INFO Total false positives: 13
2022-11-25 13:50:59,851 INFO Total false negatives: 21

2022-11-25 13:50:59,863 INFO Stream # 71: T-13
2022-11-25 13:51:00,043 INFO normalized prediction error: 0.02
2022-11-25 13:51:00,058 INFO Channel Stats: TP: 0  FP: 0  FN: 2
2022-11-25 13:51:00,059 INFO Total true positives: 67
2022-11-25 13:51:00,060 INFO Total false positives: 13
2022-11-25 13:51:00,061 INFO Total false negatives: 23

2022-11-25 13:51:00,076 INFO Stream # 72: F-4
2022-11-25 13:51:00,347 INFO normalized prediction error: 0.03
2022-11-25 13:51:00,478 INFO Channel Stats: TP: 1  FP: 1  FN: 0
2022-11-25 13:51:00,479 INFO Total true positives: 68
2022-11-25 13:51:00,480 INFO Total false positives: 14
2022-11-25 13:51:00,480 INFO Total false negatives: 23

2022-11-25 13:51:00,492 INFO Stream # 73: F-5
2022-11-25 13:51:00,832 INFO normalized prediction error: 0.02
2022-11-25 13:51:01,087 INFO Channel Stats: TP: 1  FP: 0  FN: 0
2022-11-25 13:51:01,088 INFO Total true positives: 69
2022-11-25 13:51:01,089 INFO Total false positives: 14
2022-11-25 13:51:01,089 INFO Total false negatives: 23

2022-11-25 13:51:01,100 INFO Stream # 74: D-14
2022-11-25 13:51:01,426 INFO normalized prediction error: 0.05
2022-11-25 13:51:01,479 INFO Channel Stats: TP: 1  FP: 0  FN: 1
2022-11-25 13:51:01,480 INFO Total true positives: 70
2022-11-25 13:51:01,481 INFO Total false positives: 14
2022-11-25 13:51:01,481 INFO Total false negatives: 24

2022-11-25 13:51:01,491 INFO Stream # 75: T-9
2022-11-25 13:51:01,680 INFO normalized prediction error: 0.18
2022-11-25 13:51:01,685 INFO Channel Stats: TP: 0  FP: 0  FN: 2
2022-11-25 13:51:01,686 INFO Total true positives: 70
2022-11-25 13:51:01,687 INFO Total false positives: 14
2022-11-25 13:51:01,688 INFO Total false negatives: 26

2022-11-25 13:51:01,698 INFO Stream # 76: P-14
2022-11-25 13:51:02,233 INFO normalized prediction error: 0.13
2022-11-25 13:51:02,651 INFO Channel Stats: TP: 1  FP: 0  FN: 0
2022-11-25 13:51:02,651 INFO Total true positives: 71
2022-11-25 13:51:02,652 INFO Total false positives: 14
2022-11-25 13:51:02,653 INFO Total false negatives: 26

2022-11-25 13:51:02,660 INFO Stream # 77: T-8
2022-11-25 13:51:02,843 INFO normalized prediction error: 0.02
2022-11-25 13:51:02,855 INFO Channel Stats: TP: 2  FP: 0  FN: 0
2022-11-25 13:51:02,856 INFO Total true positives: 73
2022-11-25 13:51:02,858 INFO Total false positives: 14
2022-11-25 13:51:02,858 INFO Total false negatives: 26

2022-11-25 13:51:02,872 INFO Stream # 78: P-11
2022-11-25 13:51:03,224 INFO normalized prediction error: 0.02
2022-11-25 13:51:03,381 INFO Channel Stats: TP: 2  FP: 0  FN: 0
2022-11-25 13:51:03,382 INFO Total true positives: 75
2022-11-25 13:51:03,382 INFO Total false positives: 14
2022-11-25 13:51:03,383 INFO Total false negatives: 26

2022-11-25 13:51:03,397 INFO Stream # 79: D-15
2022-11-25 13:51:03,655 INFO normalized prediction error: 0.14
2022-11-25 13:51:03,661 INFO Channel Stats: TP: 0  FP: 0  FN: 1
2022-11-25 13:51:03,662 INFO Total true positives: 75
2022-11-25 13:51:03,663 INFO Total false positives: 14
2022-11-25 13:51:03,663 INFO Total false negatives: 27

2022-11-25 13:51:03,672 INFO Stream # 80: D-16
2022-11-25 13:51:03,874 INFO normalized prediction error: 0.18
2022-11-25 13:51:03,884 INFO Channel Stats: TP: 1  FP: 0  FN: 0
2022-11-25 13:51:03,885 INFO Total true positives: 76
2022-11-25 13:51:03,886 INFO Total false positives: 14
2022-11-25 13:51:03,888 INFO Total false negatives: 27

2022-11-25 13:51:03,902 INFO Stream # 81: M-7
2022-11-25 13:51:04,091 INFO normalized prediction error: 0.02
2022-11-25 13:51:04,108 INFO Channel Stats: TP: 1  FP: 0  FN: 0
2022-11-25 13:51:04,109 INFO Total true positives: 77
2022-11-25 13:51:04,110 INFO Total false positives: 14
2022-11-25 13:51:04,111 INFO Total false negatives: 27

2022-11-25 13:51:04,123 INFO Stream # 82: F-8
2022-11-25 13:51:04,411 INFO normalized prediction error: 0.10
2022-11-25 13:51:04,435 INFO Channel Stats: TP: 1  FP: 0  FN: 0
2022-11-25 13:51:04,436 INFO Total true positives: 78
2022-11-25 13:51:04,436 INFO Total false positives: 14
2022-11-25 13:51:04,437 INFO Total false negatives: 27

2022-11-25 13:51:04,447 INFO Final Totals:
2022-11-25 13:51:04,448 INFO -----------------
2022-11-25 13:51:04,449 INFO True Positives: 78
2022-11-25 13:51:04,450 INFO False Positives: 14
2022-11-25 13:51:04,451 INFO False Negatives: 27

2022-11-25 13:51:04,453 INFO Precision: 0.85
2022-11-25 13:51:04,454 INFO Recall: 0.74
